<?xml version="1.0" encoding="UTF-8"?>
<testsuite name="battleship.utils.ShipPlacementValidationTest" tests="1" skipped="0" failures="0" errors="0" timestamp="2022-06-19T16:17:58" hostname="PC" time="0.0">
  <properties/>
  <testcase name="testIsValidShipPlacement" classname="battleship.utils.ShipPlacementValidationTest" time="0.0"/>
  <system-out><![CDATA[]]></system-out>
  <system-err><![CDATA[]]></system-err>
</testsuite>
