<?xml version="1.0" encoding="UTF-8"?>
<testsuite name="battleship.utils.UserInputTest" tests="1" skipped="0" failures="0" errors="0" timestamp="2022-06-20T00:10:22" hostname="PC" time="0.0">
  <properties/>
  <testcase name="testGetValidUserInput" classname="battleship.utils.UserInputTest" time="0.0"/>
  <system-out><![CDATA[]]></system-out>
  <system-err><![CDATA[]]></system-err>
</testsuite>
