<?xml version="1.0" encoding="UTF-8"?>
<testsuite name="Tests" tests="1" skipped="0" failures="1" errors="0" timestamp="2022-06-20T19:46:54" hostname="PC" time="0.381">
  <properties/>
  <testcase name="start" classname="Tests" time="0.381">
    <failure message="java.lang.AssertionError: Wrong answer in test #1&#10;&#10;If a player has sunk all enemy ships you should print:&#10;&quot;You sank the last ship. You won. Congratulations!&quot;&#10;&#10;Please find below the output of your program during this failed test.&#10;Note that the '&gt;' character indicates the beginning of the input line.&#10;&#10;---&#10;&#10;[last 250 lines of output are shown, 1233 skipped]&#10;Press Enter and pass the move to another player&#10;&gt; &#10;&#10;  1 2 3 4 5 6 7 8 9 10&#10;A X ~ ~ ~ ~ ~ ~ ~ ~ ~&#10;B X ~ ~ ~ ~ ~ ~ ~ X ~&#10;C X ~ ~ ~ ~ ~ ~ ~ X ~&#10;D X ~ ~ ~ ~ ~ ~ ~ X ~&#10;E ~ ~ ~ ~ ~ ~ ~ ~ ~ ~&#10;F ~ ~ X X X X X ~ ~ ~&#10;G ~ ~ ~ ~ ~ ~ ~ ~ ~ ~&#10;H ~ ~ ~ ~ ~ ~ ~ ~ ~ ~&#10;I ~ X ~ ~ ~ ~ ~ ~ ~ ~&#10;J ~ ~ ~ ~ ~ ~ ~ ~ ~ ~&#10;---------------------&#10;  1 2 3 4 5 6 7 8 9 10&#10;A ~ ~ ~ ~ ~ ~ ~ ~ ~ ~&#10;B ~ ~ ~ ~ ~ ~ ~ ~ ~ ~&#10;C ~ ~ ~ ~ ~ ~ ~ X ~ ~&#10;D ~ ~ ~ X X X ~ X ~ M&#10;E ~ ~ ~ ~ ~ ~ ~ ~ ~ M&#10;F ~ ~ X X X X M O ~ M&#10;G ~ ~ ~ ~ ~ ~ ~ O ~ M&#10;H ~ O O O O O ~ O ~ ~&#10;I ~ ~ M ~ ~ ~ ~ ~ ~ ~&#10;J ~ ~ ~ ~ ~ ~ ~ ~ ~ ~&#10;&#10;Player 2, it's your turn:&#10;&#10;&gt; J2&#10;&#10;You sank a ship!&#10;&#10;&#10;Press Enter and pass the move to another player&#10;&gt; &#10;&#10;&#10;  1 2 3 4 5 6 7 8 9 10&#10;A ~ ~ ~ ~ ~ ~ ~ ~ ~ ~&#10;B ~ ~ ~ ~ ~ ~ ~ ~ ~ ~&#10;C ~ ~ ~ ~ ~ ~ ~ X ~ ~&#10;D ~ ~ ~ X X X ~ X ~ M&#10;E ~ ~ ~ ~ ~ ~ ~ ~ ~ M&#10;F ~ ~ X X X X M ~ ~ M&#10;G ~ ~ ~ ~ ~ ~ ~ ~ ~ M&#10;H ~ ~ ~ ~ ~ ~ ~ ~ ~ ~&#10;I ~ ~ M ~ ~ ~ ~ ~ ~ ~&#10;J ~ ~ ~ ~ ~ ~ ~ ~ ~ ~&#10;---------------------&#10;  1 2 3 4 5 6 7 8 9 10&#10;A X ~ ~ ~ ~ ~ ~ ~ ~ ~&#10;B X ~ ~ ~ ~ ~ ~ ~ X ~&#10;C X ~ ~ ~ ~ ~ ~ ~ X ~&#10;D X ~ ~ ~ ~ ~ ~ ~ X ~&#10;E ~ ~ ~ ~ ~ ~ ~ ~ ~ ~&#10;F ~ ~ X X X X X ~ ~ ~&#10;G ~ ~ ~ ~ ~ ~ ~ ~ ~ ~&#10;H ~ ~ ~ ~ ~ ~ ~ ~ ~ ~&#10;I ~ X ~ ~ ~ ~ ~ ~ ~ ~&#10;J ~ X ~ ~ ~ ~ ~ O O O&#10;&#10;Player 1, it's your turn:&#10;&#10;&gt; J1&#10;&#10;&#10;You missed! Try again:&#10;&#10;&#10;&#10;Press Enter and pass the move to another player&#10;&gt; &#10;&#10;  1 2 3 4 5 6 7 8 9 10&#10;A X ~ ~ ~ ~ ~ ~ ~ ~ ~&#10;B X ~ ~ ~ ~ ~ ~ ~ X ~&#10;C X ~ ~ ~ ~ ~ ~ ~ X ~&#10;D X ~ ~ ~ ~ ~ ~ ~ X ~&#10;E ~ ~ ~ ~ ~ ~ ~ ~ ~ ~&#10;F ~ ~ X X X X X ~ ~ ~&#10;G ~ ~ ~ ~ ~ ~ ~ ~ ~ ~&#10;H ~ ~ ~ ~ ~ ~ ~ ~ ~ ~&#10;I ~ X ~ ~ ~ ~ ~ ~ ~ ~&#10;J ~ X ~ ~ ~ ~ ~ ~ ~ ~&#10;---------------------&#10;  1 2 3 4 5 6 7 8 9 10&#10;A ~ ~ ~ ~ ~ ~ ~ ~ ~ ~&#10;B ~ ~ ~ ~ ~ ~ ~ ~ ~ ~&#10;C ~ ~ ~ ~ ~ ~ ~ X ~ ~&#10;D ~ ~ ~ X X X ~ X ~ M&#10;E ~ ~ ~ ~ ~ ~ ~ ~ ~ M&#10;F ~ ~ X X X X M O ~ M&#10;G ~ ~ ~ ~ ~ ~ ~ O ~ M&#10;H ~ O O O O O ~ O ~ ~&#10;I ~ ~ M ~ ~ ~ ~ ~ ~ ~&#10;J M ~ ~ ~ ~ ~ ~ ~ ~ ~&#10;&#10;Player 2, it's your turn:&#10;&#10;&gt; J8&#10;&#10;&#10;You hit a ship!&#10;&#10;&#10;Press Enter and pass the move to another player&#10;&gt; &#10;&#10;&#10;  1 2 3 4 5 6 7 8 9 10&#10;A ~ ~ ~ ~ ~ ~ ~ ~ ~ ~&#10;B ~ ~ ~ ~ ~ ~ ~ ~ ~ ~&#10;C ~ ~ ~ ~ ~ ~ ~ X ~ ~&#10;D ~ ~ ~ X X X ~ X ~ M&#10;E ~ ~ ~ ~ ~ ~ ~ ~ ~ M&#10;F ~ ~ X X X X M ~ ~ M&#10;G ~ ~ ~ ~ ~ ~ ~ ~ ~ M&#10;H ~ ~ ~ ~ ~ ~ ~ ~ ~ ~&#10;I ~ ~ M ~ ~ ~ ~ ~ ~ ~&#10;J M ~ ~ ~ ~ ~ ~ ~ ~ ~&#10;---------------------&#10;  1 2 3 4 5 6 7 8 9 10&#10;A X ~ ~ ~ ~ ~ ~ ~ ~ ~&#10;B X ~ ~ ~ ~ ~ ~ ~ X ~&#10;C X ~ ~ ~ ~ ~ ~ ~ X ~&#10;D X ~ ~ ~ ~ ~ ~ ~ X ~&#10;E ~ ~ ~ ~ ~ ~ ~ ~ ~ ~&#10;F ~ ~ X X X X X ~ ~ ~&#10;G ~ ~ ~ ~ ~ ~ ~ ~ ~ ~&#10;H ~ ~ ~ ~ ~ ~ ~ ~ ~ ~&#10;I ~ X ~ ~ ~ ~ ~ ~ ~ ~&#10;J ~ X ~ ~ ~ ~ ~ X O O&#10;&#10;Player 1, it's your turn:&#10;&#10;&gt; J2&#10;&#10;&#10;You missed! Try again:&#10;&#10;&#10;&#10;Press Enter and pass the move to another player&#10;&gt; &#10;&#10;  1 2 3 4 5 6 7 8 9 10&#10;A X ~ ~ ~ ~ ~ ~ ~ ~ ~&#10;B X ~ ~ ~ ~ ~ ~ ~ X ~&#10;C X ~ ~ ~ ~ ~ ~ ~ X ~&#10;D X ~ ~ ~ ~ ~ ~ ~ X ~&#10;E ~ ~ ~ ~ ~ ~ ~ ~ ~ ~&#10;F ~ ~ X X X X X ~ ~ ~&#10;G ~ ~ ~ ~ ~ ~ ~ ~ ~ ~&#10;H ~ ~ ~ ~ ~ ~ ~ ~ ~ ~&#10;I ~ X ~ ~ ~ ~ ~ ~ ~ ~&#10;J ~ X ~ ~ ~ ~ ~ X ~ ~&#10;---------------------&#10;  1 2 3 4 5 6 7 8 9 10&#10;A ~ ~ ~ ~ ~ ~ ~ ~ ~ ~&#10;B ~ ~ ~ ~ ~ ~ ~ ~ ~ ~&#10;C ~ ~ ~ ~ ~ ~ ~ X ~ ~&#10;D ~ ~ ~ X X X ~ X ~ M&#10;E ~ ~ ~ ~ ~ ~ ~ ~ ~ M&#10;F ~ ~ X X X X M O ~ M&#10;G ~ ~ ~ ~ ~ ~ ~ O ~ M&#10;H ~ O O O O O ~ O ~ ~&#10;I ~ ~ M ~ ~ ~ ~ ~ ~ ~&#10;J M M ~ ~ ~ ~ ~ ~ ~ ~&#10;&#10;Player 2, it's your turn:&#10;&#10;&gt; J9&#10;&#10;&#10;You hit a ship!&#10;&#10;&#10;Press Enter and pass the move to another player&#10;&gt; &#10;&#10;&#10;  1 2 3 4 5 6 7 8 9 10&#10;A ~ ~ ~ ~ ~ ~ ~ ~ ~ ~&#10;B ~ ~ ~ ~ ~ ~ ~ ~ ~ ~&#10;C ~ ~ ~ ~ ~ ~ ~ X ~ ~&#10;D ~ ~ ~ X X X ~ X ~ M&#10;E ~ ~ ~ ~ ~ ~ ~ ~ ~ M&#10;F ~ ~ X X X X M ~ ~ M&#10;G ~ ~ ~ ~ ~ ~ ~ ~ ~ M&#10;H ~ ~ ~ ~ ~ ~ ~ ~ ~ ~&#10;I ~ ~ M ~ ~ ~ ~ ~ ~ ~&#10;J M M ~ ~ ~ ~ ~ ~ ~ ~&#10;---------------------&#10;  1 2 3 4 5 6 7 8 9 10&#10;A X ~ ~ ~ ~ ~ ~ ~ ~ ~&#10;B X ~ ~ ~ ~ ~ ~ ~ X ~&#10;C X ~ ~ ~ ~ ~ ~ ~ X ~&#10;D X ~ ~ ~ ~ ~ ~ ~ X ~&#10;E ~ ~ ~ ~ ~ ~ ~ ~ ~ ~&#10;F ~ ~ X X X X X ~ ~ ~&#10;G ~ ~ ~ ~ ~ ~ ~ ~ ~ ~&#10;H ~ ~ ~ ~ ~ ~ ~ ~ ~ ~&#10;I ~ X ~ ~ ~ ~ ~ ~ ~ ~&#10;J ~ X ~ ~ ~ ~ ~ X X O&#10;&#10;Player 1, it's your turn:&#10;&#10;&gt; J3&#10;&#10;&#10;You missed! Try again:&#10;&#10;&#10;&#10;Press Enter and pass the move to another player&#10;&gt; &#10;&#10;  1 2 3 4 5 6 7 8 9 10&#10;A X ~ ~ ~ ~ ~ ~ ~ ~ ~&#10;B X ~ ~ ~ ~ ~ ~ ~ X ~&#10;C X ~ ~ ~ ~ ~ ~ ~ X ~&#10;D X ~ ~ ~ ~ ~ ~ ~ X ~&#10;E ~ ~ ~ ~ ~ ~ ~ ~ ~ ~&#10;F ~ ~ X X X X X ~ ~ ~&#10;G ~ ~ ~ ~ ~ ~ ~ ~ ~ ~&#10;H ~ ~ ~ ~ ~ ~ ~ ~ ~ ~&#10;I ~ X ~ ~ ~ ~ ~ ~ ~ ~&#10;J ~ X ~ ~ ~ ~ ~ X X ~&#10;---------------------&#10;  1 2 3 4 5 6 7 8 9 10&#10;A ~ ~ ~ ~ ~ ~ ~ ~ ~ ~&#10;B ~ ~ ~ ~ ~ ~ ~ ~ ~ ~&#10;C ~ ~ ~ ~ ~ ~ ~ X ~ ~&#10;D ~ ~ ~ X X X ~ X ~ M&#10;E ~ ~ ~ ~ ~ ~ ~ ~ ~ M&#10;F ~ ~ X X X X M O ~ M&#10;G ~ ~ ~ ~ ~ ~ ~ O ~ M&#10;H ~ O O O O O ~ O ~ ~&#10;I ~ ~ M ~ ~ ~ ~ ~ ~ ~&#10;J M M M ~ ~ ~ ~ ~ ~ ~&#10;&#10;Player 2, it's your turn:&#10;&#10;&gt; J10&#10;&#10;You sank a ship!&#10;&#10;&#10;Press Enter and pass the move to another player" type="java.lang.AssertionError">java.lang.AssertionError: Wrong answer in test #1

If a player has sunk all enemy ships you should print:
&quot;You sank the last ship. You won. Congratulations!&quot;

Please find below the output of your program during this failed test.
Note that the '&gt;' character indicates the beginning of the input line.

---

[last 250 lines of output are shown, 1233 skipped]
Press Enter and pass the move to another player
&gt; 

  1 2 3 4 5 6 7 8 9 10
A X ~ ~ ~ ~ ~ ~ ~ ~ ~
B X ~ ~ ~ ~ ~ ~ ~ X ~
C X ~ ~ ~ ~ ~ ~ ~ X ~
D X ~ ~ ~ ~ ~ ~ ~ X ~
E ~ ~ ~ ~ ~ ~ ~ ~ ~ ~
F ~ ~ X X X X X ~ ~ ~
G ~ ~ ~ ~ ~ ~ ~ ~ ~ ~
H ~ ~ ~ ~ ~ ~ ~ ~ ~ ~
I ~ X ~ ~ ~ ~ ~ ~ ~ ~
J ~ ~ ~ ~ ~ ~ ~ ~ ~ ~
---------------------
  1 2 3 4 5 6 7 8 9 10
A ~ ~ ~ ~ ~ ~ ~ ~ ~ ~
B ~ ~ ~ ~ ~ ~ ~ ~ ~ ~
C ~ ~ ~ ~ ~ ~ ~ X ~ ~
D ~ ~ ~ X X X ~ X ~ M
E ~ ~ ~ ~ ~ ~ ~ ~ ~ M
F ~ ~ X X X X M O ~ M
G ~ ~ ~ ~ ~ ~ ~ O ~ M
H ~ O O O O O ~ O ~ ~
I ~ ~ M ~ ~ ~ ~ ~ ~ ~
J ~ ~ ~ ~ ~ ~ ~ ~ ~ ~

Player 2, it's your turn:

&gt; J2

You sank a ship!


Press Enter and pass the move to another player
&gt; 


  1 2 3 4 5 6 7 8 9 10
A ~ ~ ~ ~ ~ ~ ~ ~ ~ ~
B ~ ~ ~ ~ ~ ~ ~ ~ ~ ~
C ~ ~ ~ ~ ~ ~ ~ X ~ ~
D ~ ~ ~ X X X ~ X ~ M
E ~ ~ ~ ~ ~ ~ ~ ~ ~ M
F ~ ~ X X X X M ~ ~ M
G ~ ~ ~ ~ ~ ~ ~ ~ ~ M
H ~ ~ ~ ~ ~ ~ ~ ~ ~ ~
I ~ ~ M ~ ~ ~ ~ ~ ~ ~
J ~ ~ ~ ~ ~ ~ ~ ~ ~ ~
---------------------
  1 2 3 4 5 6 7 8 9 10
A X ~ ~ ~ ~ ~ ~ ~ ~ ~
B X ~ ~ ~ ~ ~ ~ ~ X ~
C X ~ ~ ~ ~ ~ ~ ~ X ~
D X ~ ~ ~ ~ ~ ~ ~ X ~
E ~ ~ ~ ~ ~ ~ ~ ~ ~ ~
F ~ ~ X X X X X ~ ~ ~
G ~ ~ ~ ~ ~ ~ ~ ~ ~ ~
H ~ ~ ~ ~ ~ ~ ~ ~ ~ ~
I ~ X ~ ~ ~ ~ ~ ~ ~ ~
J ~ X ~ ~ ~ ~ ~ O O O

Player 1, it's your turn:

&gt; J1


You missed! Try again:



Press Enter and pass the move to another player
&gt; 

  1 2 3 4 5 6 7 8 9 10
A X ~ ~ ~ ~ ~ ~ ~ ~ ~
B X ~ ~ ~ ~ ~ ~ ~ X ~
C X ~ ~ ~ ~ ~ ~ ~ X ~
D X ~ ~ ~ ~ ~ ~ ~ X ~
E ~ ~ ~ ~ ~ ~ ~ ~ ~ ~
F ~ ~ X X X X X ~ ~ ~
G ~ ~ ~ ~ ~ ~ ~ ~ ~ ~
H ~ ~ ~ ~ ~ ~ ~ ~ ~ ~
I ~ X ~ ~ ~ ~ ~ ~ ~ ~
J ~ X ~ ~ ~ ~ ~ ~ ~ ~
---------------------
  1 2 3 4 5 6 7 8 9 10
A ~ ~ ~ ~ ~ ~ ~ ~ ~ ~
B ~ ~ ~ ~ ~ ~ ~ ~ ~ ~
C ~ ~ ~ ~ ~ ~ ~ X ~ ~
D ~ ~ ~ X X X ~ X ~ M
E ~ ~ ~ ~ ~ ~ ~ ~ ~ M
F ~ ~ X X X X M O ~ M
G ~ ~ ~ ~ ~ ~ ~ O ~ M
H ~ O O O O O ~ O ~ ~
I ~ ~ M ~ ~ ~ ~ ~ ~ ~
J M ~ ~ ~ ~ ~ ~ ~ ~ ~

Player 2, it's your turn:

&gt; J8


You hit a ship!


Press Enter and pass the move to another player
&gt; 


  1 2 3 4 5 6 7 8 9 10
A ~ ~ ~ ~ ~ ~ ~ ~ ~ ~
B ~ ~ ~ ~ ~ ~ ~ ~ ~ ~
C ~ ~ ~ ~ ~ ~ ~ X ~ ~
D ~ ~ ~ X X X ~ X ~ M
E ~ ~ ~ ~ ~ ~ ~ ~ ~ M
F ~ ~ X X X X M ~ ~ M
G ~ ~ ~ ~ ~ ~ ~ ~ ~ M
H ~ ~ ~ ~ ~ ~ ~ ~ ~ ~
I ~ ~ M ~ ~ ~ ~ ~ ~ ~
J M ~ ~ ~ ~ ~ ~ ~ ~ ~
---------------------
  1 2 3 4 5 6 7 8 9 10
A X ~ ~ ~ ~ ~ ~ ~ ~ ~
B X ~ ~ ~ ~ ~ ~ ~ X ~
C X ~ ~ ~ ~ ~ ~ ~ X ~
D X ~ ~ ~ ~ ~ ~ ~ X ~
E ~ ~ ~ ~ ~ ~ ~ ~ ~ ~
F ~ ~ X X X X X ~ ~ ~
G ~ ~ ~ ~ ~ ~ ~ ~ ~ ~
H ~ ~ ~ ~ ~ ~ ~ ~ ~ ~
I ~ X ~ ~ ~ ~ ~ ~ ~ ~
J ~ X ~ ~ ~ ~ ~ X O O

Player 1, it's your turn:

&gt; J2


You missed! Try again:



Press Enter and pass the move to another player
&gt; 

  1 2 3 4 5 6 7 8 9 10
A X ~ ~ ~ ~ ~ ~ ~ ~ ~
B X ~ ~ ~ ~ ~ ~ ~ X ~
C X ~ ~ ~ ~ ~ ~ ~ X ~
D X ~ ~ ~ ~ ~ ~ ~ X ~
E ~ ~ ~ ~ ~ ~ ~ ~ ~ ~
F ~ ~ X X X X X ~ ~ ~
G ~ ~ ~ ~ ~ ~ ~ ~ ~ ~
H ~ ~ ~ ~ ~ ~ ~ ~ ~ ~
I ~ X ~ ~ ~ ~ ~ ~ ~ ~
J ~ X ~ ~ ~ ~ ~ X ~ ~
---------------------
  1 2 3 4 5 6 7 8 9 10
A ~ ~ ~ ~ ~ ~ ~ ~ ~ ~
B ~ ~ ~ ~ ~ ~ ~ ~ ~ ~
C ~ ~ ~ ~ ~ ~ ~ X ~ ~
D ~ ~ ~ X X X ~ X ~ M
E ~ ~ ~ ~ ~ ~ ~ ~ ~ M
F ~ ~ X X X X M O ~ M
G ~ ~ ~ ~ ~ ~ ~ O ~ M
H ~ O O O O O ~ O ~ ~
I ~ ~ M ~ ~ ~ ~ ~ ~ ~
J M M ~ ~ ~ ~ ~ ~ ~ ~

Player 2, it's your turn:

&gt; J9


You hit a ship!


Press Enter and pass the move to another player
&gt; 


  1 2 3 4 5 6 7 8 9 10
A ~ ~ ~ ~ ~ ~ ~ ~ ~ ~
B ~ ~ ~ ~ ~ ~ ~ ~ ~ ~
C ~ ~ ~ ~ ~ ~ ~ X ~ ~
D ~ ~ ~ X X X ~ X ~ M
E ~ ~ ~ ~ ~ ~ ~ ~ ~ M
F ~ ~ X X X X M ~ ~ M
G ~ ~ ~ ~ ~ ~ ~ ~ ~ M
H ~ ~ ~ ~ ~ ~ ~ ~ ~ ~
I ~ ~ M ~ ~ ~ ~ ~ ~ ~
J M M ~ ~ ~ ~ ~ ~ ~ ~
---------------------
  1 2 3 4 5 6 7 8 9 10
A X ~ ~ ~ ~ ~ ~ ~ ~ ~
B X ~ ~ ~ ~ ~ ~ ~ X ~
C X ~ ~ ~ ~ ~ ~ ~ X ~
D X ~ ~ ~ ~ ~ ~ ~ X ~
E ~ ~ ~ ~ ~ ~ ~ ~ ~ ~
F ~ ~ X X X X X ~ ~ ~
G ~ ~ ~ ~ ~ ~ ~ ~ ~ ~
H ~ ~ ~ ~ ~ ~ ~ ~ ~ ~
I ~ X ~ ~ ~ ~ ~ ~ ~ ~
J ~ X ~ ~ ~ ~ ~ X X O

Player 1, it's your turn:

&gt; J3


You missed! Try again:



Press Enter and pass the move to another player
&gt; 

  1 2 3 4 5 6 7 8 9 10
A X ~ ~ ~ ~ ~ ~ ~ ~ ~
B X ~ ~ ~ ~ ~ ~ ~ X ~
C X ~ ~ ~ ~ ~ ~ ~ X ~
D X ~ ~ ~ ~ ~ ~ ~ X ~
E ~ ~ ~ ~ ~ ~ ~ ~ ~ ~
F ~ ~ X X X X X ~ ~ ~
G ~ ~ ~ ~ ~ ~ ~ ~ ~ ~
H ~ ~ ~ ~ ~ ~ ~ ~ ~ ~
I ~ X ~ ~ ~ ~ ~ ~ ~ ~
J ~ X ~ ~ ~ ~ ~ X X ~
---------------------
  1 2 3 4 5 6 7 8 9 10
A ~ ~ ~ ~ ~ ~ ~ ~ ~ ~
B ~ ~ ~ ~ ~ ~ ~ ~ ~ ~
C ~ ~ ~ ~ ~ ~ ~ X ~ ~
D ~ ~ ~ X X X ~ X ~ M
E ~ ~ ~ ~ ~ ~ ~ ~ ~ M
F ~ ~ X X X X M O ~ M
G ~ ~ ~ ~ ~ ~ ~ O ~ M
H ~ O O O O O ~ O ~ ~
I ~ ~ M ~ ~ ~ ~ ~ ~ ~
J M M M ~ ~ ~ ~ ~ ~ ~

Player 2, it's your turn:

&gt; J10

You sank a ship!


Press Enter and pass the move to another player
	at org.junit.Assert.fail(Assert.java:88)
	at org.hyperskill.hstest.stage.StageTest.start(StageTest.java:155)
	at java.base/jdk.internal.reflect.NativeMethodAccessorImpl.invoke0(Native Method)
	at java.base/jdk.internal.reflect.NativeMethodAccessorImpl.invoke(NativeMethodAccessorImpl.java:77)
	at java.base/jdk.internal.reflect.DelegatingMethodAccessorImpl.invoke(DelegatingMethodAccessorImpl.java:43)
	at java.base/java.lang.reflect.Method.invoke(Method.java:568)
	at org.junit.runners.model.FrameworkMethod$1.runReflectiveCall(FrameworkMethod.java:50)
	at org.junit.internal.runners.model.ReflectiveCallable.run(ReflectiveCallable.java:12)
	at org.junit.runners.model.FrameworkMethod.invokeExplosively(FrameworkMethod.java:47)
	at org.junit.internal.runners.statements.InvokeMethod.evaluate(InvokeMethod.java:17)
	at org.junit.runners.ParentRunner.runLeaf(ParentRunner.java:325)
	at org.junit.runners.BlockJUnit4ClassRunner.runChild(BlockJUnit4ClassRunner.java:78)
	at org.junit.runners.BlockJUnit4ClassRunner.runChild(BlockJUnit4ClassRunner.java:57)
	at org.junit.runners.ParentRunner$3.run(ParentRunner.java:290)
	at org.junit.runners.ParentRunner$1.schedule(ParentRunner.java:71)
	at org.junit.runners.ParentRunner.runChildren(ParentRunner.java:288)
	at org.junit.runners.ParentRunner.access$000(ParentRunner.java:58)
	at org.junit.runners.ParentRunner$2.evaluate(ParentRunner.java:268)
	at org.junit.runners.ParentRunner.run(ParentRunner.java:363)
	at org.gradle.api.internal.tasks.testing.junit.JUnitTestClassExecutor.runTestClass(JUnitTestClassExecutor.java:110)
	at org.gradle.api.internal.tasks.testing.junit.JUnitTestClassExecutor.execute(JUnitTestClassExecutor.java:58)
	at org.gradle.api.internal.tasks.testing.junit.JUnitTestClassExecutor.execute(JUnitTestClassExecutor.java:38)
	at org.gradle.api.internal.tasks.testing.junit.AbstractJUnitTestClassProcessor.processTestClass(AbstractJUnitTestClassProcessor.java:62)
	at org.gradle.api.internal.tasks.testing.SuiteTestClassProcessor.processTestClass(SuiteTestClassProcessor.java:51)
	at java.base/jdk.internal.reflect.NativeMethodAccessorImpl.invoke0(Native Method)
	at java.base/jdk.internal.reflect.NativeMethodAccessorImpl.invoke(NativeMethodAccessorImpl.java:77)
	at java.base/jdk.internal.reflect.DelegatingMethodAccessorImpl.invoke(DelegatingMethodAccessorImpl.java:43)
	at java.base/java.lang.reflect.Method.invoke(Method.java:568)
	at org.gradle.internal.dispatch.ReflectionDispatch.dispatch(ReflectionDispatch.java:36)
	at org.gradle.internal.dispatch.ReflectionDispatch.dispatch(ReflectionDispatch.java:24)
	at org.gradle.internal.dispatch.ContextClassLoaderDispatch.dispatch(ContextClassLoaderDispatch.java:33)
	at org.gradle.internal.dispatch.ProxyDispatchAdapter$DispatchingInvocationHandler.invoke(ProxyDispatchAdapter.java:94)
	at jdk.proxy1/jdk.proxy1.$Proxy2.processTestClass(Unknown Source)
	at org.gradle.api.internal.tasks.testing.worker.TestWorker$2.run(TestWorker.java:176)
	at org.gradle.api.internal.tasks.testing.worker.TestWorker.executeAndMaintainThreadName(TestWorker.java:129)
	at org.gradle.api.internal.tasks.testing.worker.TestWorker.execute(TestWorker.java:100)
	at org.gradle.api.internal.tasks.testing.worker.TestWorker.execute(TestWorker.java:60)
	at org.gradle.process.internal.worker.child.ActionExecutionWorker.execute(ActionExecutionWorker.java:56)
	at org.gradle.process.internal.worker.child.SystemApplicationClassLoaderWorker.call(SystemApplicationClassLoaderWorker.java:133)
	at org.gradle.process.internal.worker.child.SystemApplicationClassLoaderWorker.call(SystemApplicationClassLoaderWorker.java:71)
	at worker.org.gradle.process.internal.worker.GradleWorkerMain.run(GradleWorkerMain.java:69)
	at worker.org.gradle.process.internal.worker.GradleWorkerMain.main(GradleWorkerMain.java:74)
</failure>
  </testcase>
  <system-out><![CDATA[?[1;31m
Start test 1?[0m
Player 1, place your ships on the game field

  1 2 3 4 5 6 7 8 9 10
A ~ ~ ~ ~ ~ ~ ~ ~ ~ ~
B ~ ~ ~ ~ ~ ~ ~ ~ ~ ~
C ~ ~ ~ ~ ~ ~ ~ ~ ~ ~
D ~ ~ ~ ~ ~ ~ ~ ~ ~ ~
E ~ ~ ~ ~ ~ ~ ~ ~ ~ ~
F ~ ~ ~ ~ ~ ~ ~ ~ ~ ~
G ~ ~ ~ ~ ~ ~ ~ ~ ~ ~
H ~ ~ ~ ~ ~ ~ ~ ~ ~ ~
I ~ ~ ~ ~ ~ ~ ~ ~ ~ ~
J ~ ~ ~ ~ ~ ~ ~ ~ ~ ~

Enter the coordinates of the Aircraft Carrier (5 cells):

> F3 F7

  1 2 3 4 5 6 7 8 9 10
A ~ ~ ~ ~ ~ ~ ~ ~ ~ ~
B ~ ~ ~ ~ ~ ~ ~ ~ ~ ~
C ~ ~ ~ ~ ~ ~ ~ ~ ~ ~
D ~ ~ ~ ~ ~ ~ ~ ~ ~ ~
E ~ ~ ~ ~ ~ ~ ~ ~ ~ ~
F ~ ~ O O O O O ~ ~ ~
G ~ ~ ~ ~ ~ ~ ~ ~ ~ ~
H ~ ~ ~ ~ ~ ~ ~ ~ ~ ~
I ~ ~ ~ ~ ~ ~ ~ ~ ~ ~
J ~ ~ ~ ~ ~ ~ ~ ~ ~ ~

Enter the coordinates of the Battleship (4 cells):

> A1 D1

  1 2 3 4 5 6 7 8 9 10
A O ~ ~ ~ ~ ~ ~ ~ ~ ~
B O ~ ~ ~ ~ ~ ~ ~ ~ ~
C O ~ ~ ~ ~ ~ ~ ~ ~ ~
D O ~ ~ ~ ~ ~ ~ ~ ~ ~
E ~ ~ ~ ~ ~ ~ ~ ~ ~ ~
F ~ ~ O O O O O ~ ~ ~
G ~ ~ ~ ~ ~ ~ ~ ~ ~ ~
H ~ ~ ~ ~ ~ ~ ~ ~ ~ ~
I ~ ~ ~ ~ ~ ~ ~ ~ ~ ~
J ~ ~ ~ ~ ~ ~ ~ ~ ~ ~

Enter the coordinates of the Submarine (3 cells):

> J7 J10

Error! Wrong length of the Submarine! Try again:

> J10 J8

  1 2 3 4 5 6 7 8 9 10
A O ~ ~ ~ ~ ~ ~ ~ ~ ~
B O ~ ~ ~ ~ ~ ~ ~ ~ ~
C O ~ ~ ~ ~ ~ ~ ~ ~ ~
D O ~ ~ ~ ~ ~ ~ ~ ~ ~
E ~ ~ ~ ~ ~ ~ ~ ~ ~ ~
F ~ ~ O O O O O ~ ~ ~
G ~ ~ ~ ~ ~ ~ ~ ~ ~ ~
H ~ ~ ~ ~ ~ ~ ~ ~ ~ ~
I ~ ~ ~ ~ ~ ~ ~ ~ ~ ~
J ~ ~ ~ ~ ~ ~ ~ O O O

Enter the coordinates of the Cruiser (3 cells):

> B9 D8

Error! Wrong ship location! Try again:

> B9 D9

  1 2 3 4 5 6 7 8 9 10
A O ~ ~ ~ ~ ~ ~ ~ ~ ~
B O ~ ~ ~ ~ ~ ~ ~ O ~
C O ~ ~ ~ ~ ~ ~ ~ O ~
D O ~ ~ ~ ~ ~ ~ ~ O ~
E ~ ~ ~ ~ ~ ~ ~ ~ ~ ~
F ~ ~ O O O O O ~ ~ ~
G ~ ~ ~ ~ ~ ~ ~ ~ ~ ~
H ~ ~ ~ ~ ~ ~ ~ ~ ~ ~
I ~ ~ ~ ~ ~ ~ ~ ~ ~ ~
J ~ ~ ~ ~ ~ ~ ~ O O O

Enter the coordinates of the Destroyer (2 cells):

> E6 D6

Error! You placed it too close to another one. Try again:

> I2 J2

  1 2 3 4 5 6 7 8 9 10
A O ~ ~ ~ ~ ~ ~ ~ ~ ~
B O ~ ~ ~ ~ ~ ~ ~ O ~
C O ~ ~ ~ ~ ~ ~ ~ O ~
D O ~ ~ ~ ~ ~ ~ ~ O ~
E ~ ~ ~ ~ ~ ~ ~ ~ ~ ~
F ~ ~ O O O O O ~ ~ ~
G ~ ~ ~ ~ ~ ~ ~ ~ ~ ~
H ~ ~ ~ ~ ~ ~ ~ ~ ~ ~
I ~ O ~ ~ ~ ~ ~ ~ ~ ~
J ~ O ~ ~ ~ ~ ~ O O O

Press Enter and pass the move to another player
> 

Player 2, place your ships on the game field

  1 2 3 4 5 6 7 8 9 10
A ~ ~ ~ ~ ~ ~ ~ ~ ~ ~
B ~ ~ ~ ~ ~ ~ ~ ~ ~ ~
C ~ ~ ~ ~ ~ ~ ~ ~ ~ ~
D ~ ~ ~ ~ ~ ~ ~ ~ ~ ~
E ~ ~ ~ ~ ~ ~ ~ ~ ~ ~
F ~ ~ ~ ~ ~ ~ ~ ~ ~ ~
G ~ ~ ~ ~ ~ ~ ~ ~ ~ ~
H ~ ~ ~ ~ ~ ~ ~ ~ ~ ~
I ~ ~ ~ ~ ~ ~ ~ ~ ~ ~
J ~ ~ ~ ~ ~ ~ ~ ~ ~ ~

Enter the coordinates of the Aircraft Carrier (5 cells):

> H2 H6

  1 2 3 4 5 6 7 8 9 10
A ~ ~ ~ ~ ~ ~ ~ ~ ~ ~
B ~ ~ ~ ~ ~ ~ ~ ~ ~ ~
C ~ ~ ~ ~ ~ ~ ~ ~ ~ ~
D ~ ~ ~ ~ ~ ~ ~ ~ ~ ~
E ~ ~ ~ ~ ~ ~ ~ ~ ~ ~
F ~ ~ ~ ~ ~ ~ ~ ~ ~ ~
G ~ ~ ~ ~ ~ ~ ~ ~ ~ ~
H ~ O O O O O ~ ~ ~ ~
I ~ ~ ~ ~ ~ ~ ~ ~ ~ ~
J ~ ~ ~ ~ ~ ~ ~ ~ ~ ~

Enter the coordinates of the Battleship (4 cells):

> F3 F6

  1 2 3 4 5 6 7 8 9 10
A ~ ~ ~ ~ ~ ~ ~ ~ ~ ~
B ~ ~ ~ ~ ~ ~ ~ ~ ~ ~
C ~ ~ ~ ~ ~ ~ ~ ~ ~ ~
D ~ ~ ~ ~ ~ ~ ~ ~ ~ ~
E ~ ~ ~ ~ ~ ~ ~ ~ ~ ~
F ~ ~ O O O O ~ ~ ~ ~
G ~ ~ ~ ~ ~ ~ ~ ~ ~ ~
H ~ O O O O O ~ ~ ~ ~
I ~ ~ ~ ~ ~ ~ ~ ~ ~ ~
J ~ ~ ~ ~ ~ ~ ~ ~ ~ ~

Enter the coordinates of the Submarine (3 cells):

> H8 F8

  1 2 3 4 5 6 7 8 9 10
A ~ ~ ~ ~ ~ ~ ~ ~ ~ ~
B ~ ~ ~ ~ ~ ~ ~ ~ ~ ~
C ~ ~ ~ ~ ~ ~ ~ ~ ~ ~
D ~ ~ ~ ~ ~ ~ ~ ~ ~ ~
E ~ ~ ~ ~ ~ ~ ~ ~ ~ ~
F ~ ~ O O O O ~ O ~ ~
G ~ ~ ~ ~ ~ ~ ~ O ~ ~
H ~ O O O O O ~ O ~ ~
I ~ ~ ~ ~ ~ ~ ~ ~ ~ ~
J ~ ~ ~ ~ ~ ~ ~ ~ ~ ~

Enter the coordinates of the Cruiser (3 cells):

> D4 D6

  1 2 3 4 5 6 7 8 9 10
A ~ ~ ~ ~ ~ ~ ~ ~ ~ ~
B ~ ~ ~ ~ ~ ~ ~ ~ ~ ~
C ~ ~ ~ ~ ~ ~ ~ ~ ~ ~
D ~ ~ ~ O O O ~ ~ ~ ~
E ~ ~ ~ ~ ~ ~ ~ ~ ~ ~
F ~ ~ O O O O ~ O ~ ~
G ~ ~ ~ ~ ~ ~ ~ O ~ ~
H ~ O O O O O ~ O ~ ~
I ~ ~ ~ ~ ~ ~ ~ ~ ~ ~
J ~ ~ ~ ~ ~ ~ ~ ~ ~ ~

Enter the coordinates of the Destroyer (2 cells):

> D8 C8

  1 2 3 4 5 6 7 8 9 10
A ~ ~ ~ ~ ~ ~ ~ ~ ~ ~
B ~ ~ ~ ~ ~ ~ ~ ~ ~ ~
C ~ ~ ~ ~ ~ ~ ~ O ~ ~
D ~ ~ ~ O O O ~ O ~ ~
E ~ ~ ~ ~ ~ ~ ~ ~ ~ ~
F ~ ~ O O O O ~ O ~ ~
G ~ ~ ~ ~ ~ ~ ~ O ~ ~
H ~ O O O O O ~ O ~ ~
I ~ ~ ~ ~ ~ ~ ~ ~ ~ ~
J ~ ~ ~ ~ ~ ~ ~ ~ ~ ~

Press Enter and pass the move to another player
> 



The game starts!

  1 2 3 4 5 6 7 8 9 10
A ~ ~ ~ ~ ~ ~ ~ ~ ~ ~
B ~ ~ ~ ~ ~ ~ ~ ~ ~ ~
C ~ ~ ~ ~ ~ ~ ~ ~ ~ ~
D ~ ~ ~ ~ ~ ~ ~ ~ ~ ~
E ~ ~ ~ ~ ~ ~ ~ ~ ~ ~
F ~ ~ ~ ~ ~ ~ ~ ~ ~ ~
G ~ ~ ~ ~ ~ ~ ~ ~ ~ ~
H ~ ~ ~ ~ ~ ~ ~ ~ ~ ~
I ~ ~ ~ ~ ~ ~ ~ ~ ~ ~
J ~ ~ ~ ~ ~ ~ ~ ~ ~ ~
---------------------
  1 2 3 4 5 6 7 8 9 10
A O ~ ~ ~ ~ ~ ~ ~ ~ ~
B O ~ ~ ~ ~ ~ ~ ~ O ~
C O ~ ~ ~ ~ ~ ~ ~ O ~
D O ~ ~ ~ ~ ~ ~ ~ O ~
E ~ ~ ~ ~ ~ ~ ~ ~ ~ ~
F ~ ~ O O O O O ~ ~ ~
G ~ ~ ~ ~ ~ ~ ~ ~ ~ ~
H ~ ~ ~ ~ ~ ~ ~ ~ ~ ~
I ~ O ~ ~ ~ ~ ~ ~ ~ ~
J ~ O ~ ~ ~ ~ ~ O O O

Player 1, it's your turn:

> I3


You missed! Try again:



Press Enter and pass the move to another player
> 

  1 2 3 4 5 6 7 8 9 10
A ~ ~ ~ ~ ~ ~ ~ ~ ~ ~
B ~ ~ ~ ~ ~ ~ ~ ~ ~ ~
C ~ ~ ~ ~ ~ ~ ~ ~ ~ ~
D ~ ~ ~ ~ ~ ~ ~ ~ ~ ~
E ~ ~ ~ ~ ~ ~ ~ ~ ~ ~
F ~ ~ ~ ~ ~ ~ ~ ~ ~ ~
G ~ ~ ~ ~ ~ ~ ~ ~ ~ ~
H ~ ~ ~ ~ ~ ~ ~ ~ ~ ~
I ~ ~ ~ ~ ~ ~ ~ ~ ~ ~
J ~ ~ ~ ~ ~ ~ ~ ~ ~ ~
---------------------
  1 2 3 4 5 6 7 8 9 10
A ~ ~ ~ ~ ~ ~ ~ ~ ~ ~
B ~ ~ ~ ~ ~ ~ ~ ~ ~ ~
C ~ ~ ~ ~ ~ ~ ~ O ~ ~
D ~ ~ ~ O O O ~ O ~ ~
E ~ ~ ~ ~ ~ ~ ~ ~ ~ ~
F ~ ~ O O O O ~ O ~ ~
G ~ ~ ~ ~ ~ ~ ~ O ~ ~
H ~ O O O O O ~ O ~ ~
I ~ ~ M ~ ~ ~ ~ ~ ~ ~
J ~ ~ ~ ~ ~ ~ ~ ~ ~ ~

Player 2, it's your turn:

> C9


You hit a ship!


Press Enter and pass the move to another player
> 


  1 2 3 4 5 6 7 8 9 10
A ~ ~ ~ ~ ~ ~ ~ ~ ~ ~
B ~ ~ ~ ~ ~ ~ ~ ~ ~ ~
C ~ ~ ~ ~ ~ ~ ~ ~ ~ ~
D ~ ~ ~ ~ ~ ~ ~ ~ ~ ~
E ~ ~ ~ ~ ~ ~ ~ ~ ~ ~
F ~ ~ ~ ~ ~ ~ ~ ~ ~ ~
G ~ ~ ~ ~ ~ ~ ~ ~ ~ ~
H ~ ~ ~ ~ ~ ~ ~ ~ ~ ~
I ~ ~ M ~ ~ ~ ~ ~ ~ ~
J ~ ~ ~ ~ ~ ~ ~ ~ ~ ~
---------------------
  1 2 3 4 5 6 7 8 9 10
A O ~ ~ ~ ~ ~ ~ ~ ~ ~
B O ~ ~ ~ ~ ~ ~ ~ O ~
C O ~ ~ ~ ~ ~ ~ ~ X ~
D O ~ ~ ~ ~ ~ ~ ~ O ~
E ~ ~ ~ ~ ~ ~ ~ ~ ~ ~
F ~ ~ O O O O O ~ ~ ~
G ~ ~ ~ ~ ~ ~ ~ ~ ~ ~
H ~ ~ ~ ~ ~ ~ ~ ~ ~ ~
I ~ O ~ ~ ~ ~ ~ ~ ~ ~
J ~ O ~ ~ ~ ~ ~ O O O

Player 1, it's your turn:

> D4


You hit a ship!


Press Enter and pass the move to another player
> 

  1 2 3 4 5 6 7 8 9 10
A ~ ~ ~ ~ ~ ~ ~ ~ ~ ~
B ~ ~ ~ ~ ~ ~ ~ ~ ~ ~
C ~ ~ ~ ~ ~ ~ ~ ~ X ~
D ~ ~ ~ ~ ~ ~ ~ ~ ~ ~
E ~ ~ ~ ~ ~ ~ ~ ~ ~ ~
F ~ ~ ~ ~ ~ ~ ~ ~ ~ ~
G ~ ~ ~ ~ ~ ~ ~ ~ ~ ~
H ~ ~ ~ ~ ~ ~ ~ ~ ~ ~
I ~ ~ ~ ~ ~ ~ ~ ~ ~ ~
J ~ ~ ~ ~ ~ ~ ~ ~ ~ ~
---------------------
  1 2 3 4 5 6 7 8 9 10
A ~ ~ ~ ~ ~ ~ ~ ~ ~ ~
B ~ ~ ~ ~ ~ ~ ~ ~ ~ ~
C ~ ~ ~ ~ ~ ~ ~ O ~ ~
D ~ ~ ~ X O O ~ O ~ ~
E ~ ~ ~ ~ ~ ~ ~ ~ ~ ~
F ~ ~ O O O O ~ O ~ ~
G ~ ~ ~ ~ ~ ~ ~ O ~ ~
H ~ O O O O O ~ O ~ ~
I ~ ~ M ~ ~ ~ ~ ~ ~ ~
J ~ ~ ~ ~ ~ ~ ~ ~ ~ ~

Player 2, it's your turn:

> A1


You hit a ship!


Press Enter and pass the move to another player
> 


  1 2 3 4 5 6 7 8 9 10
A ~ ~ ~ ~ ~ ~ ~ ~ ~ ~
B ~ ~ ~ ~ ~ ~ ~ ~ ~ ~
C ~ ~ ~ ~ ~ ~ ~ ~ ~ ~
D ~ ~ ~ X ~ ~ ~ ~ ~ ~
E ~ ~ ~ ~ ~ ~ ~ ~ ~ ~
F ~ ~ ~ ~ ~ ~ ~ ~ ~ ~
G ~ ~ ~ ~ ~ ~ ~ ~ ~ ~
H ~ ~ ~ ~ ~ ~ ~ ~ ~ ~
I ~ ~ M ~ ~ ~ ~ ~ ~ ~
J ~ ~ ~ ~ ~ ~ ~ ~ ~ ~
---------------------
  1 2 3 4 5 6 7 8 9 10
A X ~ ~ ~ ~ ~ ~ ~ ~ ~
B O ~ ~ ~ ~ ~ ~ ~ O ~
C O ~ ~ ~ ~ ~ ~ ~ X ~
D O ~ ~ ~ ~ ~ ~ ~ O ~
E ~ ~ ~ ~ ~ ~ ~ ~ ~ ~
F ~ ~ O O O O O ~ ~ ~
G ~ ~ ~ ~ ~ ~ ~ ~ ~ ~
H ~ ~ ~ ~ ~ ~ ~ ~ ~ ~
I ~ O ~ ~ ~ ~ ~ ~ ~ ~
J ~ O ~ ~ ~ ~ ~ O O O

Player 1, it's your turn:

> D5


You hit a ship!


Press Enter and pass the move to another player
> 

  1 2 3 4 5 6 7 8 9 10
A X ~ ~ ~ ~ ~ ~ ~ ~ ~
B ~ ~ ~ ~ ~ ~ ~ ~ ~ ~
C ~ ~ ~ ~ ~ ~ ~ ~ X ~
D ~ ~ ~ ~ ~ ~ ~ ~ ~ ~
E ~ ~ ~ ~ ~ ~ ~ ~ ~ ~
F ~ ~ ~ ~ ~ ~ ~ ~ ~ ~
G ~ ~ ~ ~ ~ ~ ~ ~ ~ ~
H ~ ~ ~ ~ ~ ~ ~ ~ ~ ~
I ~ ~ ~ ~ ~ ~ ~ ~ ~ ~
J ~ ~ ~ ~ ~ ~ ~ ~ ~ ~
---------------------
  1 2 3 4 5 6 7 8 9 10
A ~ ~ ~ ~ ~ ~ ~ ~ ~ ~
B ~ ~ ~ ~ ~ ~ ~ ~ ~ ~
C ~ ~ ~ ~ ~ ~ ~ O ~ ~
D ~ ~ ~ X X O ~ O ~ ~
E ~ ~ ~ ~ ~ ~ ~ ~ ~ ~
F ~ ~ O O O O ~ O ~ ~
G ~ ~ ~ ~ ~ ~ ~ O ~ ~
H ~ O O O O O ~ O ~ ~
I ~ ~ M ~ ~ ~ ~ ~ ~ ~
J ~ ~ ~ ~ ~ ~ ~ ~ ~ ~

Player 2, it's your turn:

> B1


You hit a ship!


Press Enter and pass the move to another player
> 


  1 2 3 4 5 6 7 8 9 10
A ~ ~ ~ ~ ~ ~ ~ ~ ~ ~
B ~ ~ ~ ~ ~ ~ ~ ~ ~ ~
C ~ ~ ~ ~ ~ ~ ~ ~ ~ ~
D ~ ~ ~ X X ~ ~ ~ ~ ~
E ~ ~ ~ ~ ~ ~ ~ ~ ~ ~
F ~ ~ ~ ~ ~ ~ ~ ~ ~ ~
G ~ ~ ~ ~ ~ ~ ~ ~ ~ ~
H ~ ~ ~ ~ ~ ~ ~ ~ ~ ~
I ~ ~ M ~ ~ ~ ~ ~ ~ ~
J ~ ~ ~ ~ ~ ~ ~ ~ ~ ~
---------------------
  1 2 3 4 5 6 7 8 9 10
A X ~ ~ ~ ~ ~ ~ ~ ~ ~
B X ~ ~ ~ ~ ~ ~ ~ O ~
C O ~ ~ ~ ~ ~ ~ ~ X ~
D O ~ ~ ~ ~ ~ ~ ~ O ~
E ~ ~ ~ ~ ~ ~ ~ ~ ~ ~
F ~ ~ O O O O O ~ ~ ~
G ~ ~ ~ ~ ~ ~ ~ ~ ~ ~
H ~ ~ ~ ~ ~ ~ ~ ~ ~ ~
I ~ O ~ ~ ~ ~ ~ ~ ~ ~
J ~ O ~ ~ ~ ~ ~ O O O

Player 1, it's your turn:

> D6

You sank a ship!


Press Enter and pass the move to another player
> 

  1 2 3 4 5 6 7 8 9 10
A X ~ ~ ~ ~ ~ ~ ~ ~ ~
B X ~ ~ ~ ~ ~ ~ ~ ~ ~
C ~ ~ ~ ~ ~ ~ ~ ~ X ~
D ~ ~ ~ ~ ~ ~ ~ ~ ~ ~
E ~ ~ ~ ~ ~ ~ ~ ~ ~ ~
F ~ ~ ~ ~ ~ ~ ~ ~ ~ ~
G ~ ~ ~ ~ ~ ~ ~ ~ ~ ~
H ~ ~ ~ ~ ~ ~ ~ ~ ~ ~
I ~ ~ ~ ~ ~ ~ ~ ~ ~ ~
J ~ ~ ~ ~ ~ ~ ~ ~ ~ ~
---------------------
  1 2 3 4 5 6 7 8 9 10
A ~ ~ ~ ~ ~ ~ ~ ~ ~ ~
B ~ ~ ~ ~ ~ ~ ~ ~ ~ ~
C ~ ~ ~ ~ ~ ~ ~ O ~ ~
D ~ ~ ~ X X X ~ O ~ ~
E ~ ~ ~ ~ ~ ~ ~ ~ ~ ~
F ~ ~ O O O O ~ O ~ ~
G ~ ~ ~ ~ ~ ~ ~ O ~ ~
H ~ O O O O O ~ O ~ ~
I ~ ~ M ~ ~ ~ ~ ~ ~ ~
J ~ ~ ~ ~ ~ ~ ~ ~ ~ ~

Player 2, it's your turn:

> C1


You hit a ship!


Press Enter and pass the move to another player
> 


  1 2 3 4 5 6 7 8 9 10
A ~ ~ ~ ~ ~ ~ ~ ~ ~ ~
B ~ ~ ~ ~ ~ ~ ~ ~ ~ ~
C ~ ~ ~ ~ ~ ~ ~ ~ ~ ~
D ~ ~ ~ X X X ~ ~ ~ ~
E ~ ~ ~ ~ ~ ~ ~ ~ ~ ~
F ~ ~ ~ ~ ~ ~ ~ ~ ~ ~
G ~ ~ ~ ~ ~ ~ ~ ~ ~ ~
H ~ ~ ~ ~ ~ ~ ~ ~ ~ ~
I ~ ~ M ~ ~ ~ ~ ~ ~ ~
J ~ ~ ~ ~ ~ ~ ~ ~ ~ ~
---------------------
  1 2 3 4 5 6 7 8 9 10
A X ~ ~ ~ ~ ~ ~ ~ ~ ~
B X ~ ~ ~ ~ ~ ~ ~ O ~
C X ~ ~ ~ ~ ~ ~ ~ X ~
D O ~ ~ ~ ~ ~ ~ ~ O ~
E ~ ~ ~ ~ ~ ~ ~ ~ ~ ~
F ~ ~ O O O O O ~ ~ ~
G ~ ~ ~ ~ ~ ~ ~ ~ ~ ~
H ~ ~ ~ ~ ~ ~ ~ ~ ~ ~
I ~ O ~ ~ ~ ~ ~ ~ ~ ~
J ~ O ~ ~ ~ ~ ~ O O O

Player 1, it's your turn:

> C8


You hit a ship!


Press Enter and pass the move to another player
> 

  1 2 3 4 5 6 7 8 9 10
A X ~ ~ ~ ~ ~ ~ ~ ~ ~
B X ~ ~ ~ ~ ~ ~ ~ ~ ~
C X ~ ~ ~ ~ ~ ~ ~ X ~
D ~ ~ ~ ~ ~ ~ ~ ~ ~ ~
E ~ ~ ~ ~ ~ ~ ~ ~ ~ ~
F ~ ~ ~ ~ ~ ~ ~ ~ ~ ~
G ~ ~ ~ ~ ~ ~ ~ ~ ~ ~
H ~ ~ ~ ~ ~ ~ ~ ~ ~ ~
I ~ ~ ~ ~ ~ ~ ~ ~ ~ ~
J ~ ~ ~ ~ ~ ~ ~ ~ ~ ~
---------------------
  1 2 3 4 5 6 7 8 9 10
A ~ ~ ~ ~ ~ ~ ~ ~ ~ ~
B ~ ~ ~ ~ ~ ~ ~ ~ ~ ~
C ~ ~ ~ ~ ~ ~ ~ X ~ ~
D ~ ~ ~ X X X ~ O ~ ~
E ~ ~ ~ ~ ~ ~ ~ ~ ~ ~
F ~ ~ O O O O ~ O ~ ~
G ~ ~ ~ ~ ~ ~ ~ O ~ ~
H ~ O O O O O ~ O ~ ~
I ~ ~ M ~ ~ ~ ~ ~ ~ ~
J ~ ~ ~ ~ ~ ~ ~ ~ ~ ~

Player 2, it's your turn:

> D1

You sank a ship!


Press Enter and pass the move to another player
> 


  1 2 3 4 5 6 7 8 9 10
A ~ ~ ~ ~ ~ ~ ~ ~ ~ ~
B ~ ~ ~ ~ ~ ~ ~ ~ ~ ~
C ~ ~ ~ ~ ~ ~ ~ X ~ ~
D ~ ~ ~ X X X ~ ~ ~ ~
E ~ ~ ~ ~ ~ ~ ~ ~ ~ ~
F ~ ~ ~ ~ ~ ~ ~ ~ ~ ~
G ~ ~ ~ ~ ~ ~ ~ ~ ~ ~
H ~ ~ ~ ~ ~ ~ ~ ~ ~ ~
I ~ ~ M ~ ~ ~ ~ ~ ~ ~
J ~ ~ ~ ~ ~ ~ ~ ~ ~ ~
---------------------
  1 2 3 4 5 6 7 8 9 10
A X ~ ~ ~ ~ ~ ~ ~ ~ ~
B X ~ ~ ~ ~ ~ ~ ~ O ~
C X ~ ~ ~ ~ ~ ~ ~ X ~
D X ~ ~ ~ ~ ~ ~ ~ O ~
E ~ ~ ~ ~ ~ ~ ~ ~ ~ ~
F ~ ~ O O O O O ~ ~ ~
G ~ ~ ~ ~ ~ ~ ~ ~ ~ ~
H ~ ~ ~ ~ ~ ~ ~ ~ ~ ~
I ~ O ~ ~ ~ ~ ~ ~ ~ ~
J ~ O ~ ~ ~ ~ ~ O O O

Player 1, it's your turn:

> D8

You sank a ship!


Press Enter and pass the move to another player
> 

  1 2 3 4 5 6 7 8 9 10
A X ~ ~ ~ ~ ~ ~ ~ ~ ~
B X ~ ~ ~ ~ ~ ~ ~ ~ ~
C X ~ ~ ~ ~ ~ ~ ~ X ~
D X ~ ~ ~ ~ ~ ~ ~ ~ ~
E ~ ~ ~ ~ ~ ~ ~ ~ ~ ~
F ~ ~ ~ ~ ~ ~ ~ ~ ~ ~
G ~ ~ ~ ~ ~ ~ ~ ~ ~ ~
H ~ ~ ~ ~ ~ ~ ~ ~ ~ ~
I ~ ~ ~ ~ ~ ~ ~ ~ ~ ~
J ~ ~ ~ ~ ~ ~ ~ ~ ~ ~
---------------------
  1 2 3 4 5 6 7 8 9 10
A ~ ~ ~ ~ ~ ~ ~ ~ ~ ~
B ~ ~ ~ ~ ~ ~ ~ ~ ~ ~
C ~ ~ ~ ~ ~ ~ ~ X ~ ~
D ~ ~ ~ X X X ~ X ~ ~
E ~ ~ ~ ~ ~ ~ ~ ~ ~ ~
F ~ ~ O O O O ~ O ~ ~
G ~ ~ ~ ~ ~ ~ ~ O ~ ~
H ~ O O O O O ~ O ~ ~
I ~ ~ M ~ ~ ~ ~ ~ ~ ~
J ~ ~ ~ ~ ~ ~ ~ ~ ~ ~

Player 2, it's your turn:

> B9

You sank a ship!


Press Enter and pass the move to another player
> 


  1 2 3 4 5 6 7 8 9 10
A ~ ~ ~ ~ ~ ~ ~ ~ ~ ~
B ~ ~ ~ ~ ~ ~ ~ ~ ~ ~
C ~ ~ ~ ~ ~ ~ ~ X ~ ~
D ~ ~ ~ X X X ~ X ~ ~
E ~ ~ ~ ~ ~ ~ ~ ~ ~ ~
F ~ ~ ~ ~ ~ ~ ~ ~ ~ ~
G ~ ~ ~ ~ ~ ~ ~ ~ ~ ~
H ~ ~ ~ ~ ~ ~ ~ ~ ~ ~
I ~ ~ M ~ ~ ~ ~ ~ ~ ~
J ~ ~ ~ ~ ~ ~ ~ ~ ~ ~
---------------------
  1 2 3 4 5 6 7 8 9 10
A X ~ ~ ~ ~ ~ ~ ~ ~ ~
B X ~ ~ ~ ~ ~ ~ ~ X ~
C X ~ ~ ~ ~ ~ ~ ~ X ~
D X ~ ~ ~ ~ ~ ~ ~ O ~
E ~ ~ ~ ~ ~ ~ ~ ~ ~ ~
F ~ ~ O O O O O ~ ~ ~
G ~ ~ ~ ~ ~ ~ ~ ~ ~ ~
H ~ ~ ~ ~ ~ ~ ~ ~ ~ ~
I ~ O ~ ~ ~ ~ ~ ~ ~ ~
J ~ O ~ ~ ~ ~ ~ O O O

Player 1, it's your turn:

> F3


You hit a ship!


Press Enter and pass the move to another player
> 

  1 2 3 4 5 6 7 8 9 10
A X ~ ~ ~ ~ ~ ~ ~ ~ ~
B X ~ ~ ~ ~ ~ ~ ~ X ~
C X ~ ~ ~ ~ ~ ~ ~ X ~
D X ~ ~ ~ ~ ~ ~ ~ ~ ~
E ~ ~ ~ ~ ~ ~ ~ ~ ~ ~
F ~ ~ ~ ~ ~ ~ ~ ~ ~ ~
G ~ ~ ~ ~ ~ ~ ~ ~ ~ ~
H ~ ~ ~ ~ ~ ~ ~ ~ ~ ~
I ~ ~ ~ ~ ~ ~ ~ ~ ~ ~
J ~ ~ ~ ~ ~ ~ ~ ~ ~ ~
---------------------
  1 2 3 4 5 6 7 8 9 10
A ~ ~ ~ ~ ~ ~ ~ ~ ~ ~
B ~ ~ ~ ~ ~ ~ ~ ~ ~ ~
C ~ ~ ~ ~ ~ ~ ~ X ~ ~
D ~ ~ ~ X X X ~ X ~ ~
E ~ ~ ~ ~ ~ ~ ~ ~ ~ ~
F ~ ~ X O O O ~ O ~ ~
G ~ ~ ~ ~ ~ ~ ~ O ~ ~
H ~ O O O O O ~ O ~ ~
I ~ ~ M ~ ~ ~ ~ ~ ~ ~
J ~ ~ ~ ~ ~ ~ ~ ~ ~ ~

Player 2, it's your turn:

> C9



Press Enter and pass the move to another player
> 


  1 2 3 4 5 6 7 8 9 10
A ~ ~ ~ ~ ~ ~ ~ ~ ~ ~
B ~ ~ ~ ~ ~ ~ ~ ~ ~ ~
C ~ ~ ~ ~ ~ ~ ~ X ~ ~
D ~ ~ ~ X X X ~ X ~ ~
E ~ ~ ~ ~ ~ ~ ~ ~ ~ ~
F ~ ~ X ~ ~ ~ ~ ~ ~ ~
G ~ ~ ~ ~ ~ ~ ~ ~ ~ ~
H ~ ~ ~ ~ ~ ~ ~ ~ ~ ~
I ~ ~ M ~ ~ ~ ~ ~ ~ ~
J ~ ~ ~ ~ ~ ~ ~ ~ ~ ~
---------------------
  1 2 3 4 5 6 7 8 9 10
A X ~ ~ ~ ~ ~ ~ ~ ~ ~
B X ~ ~ ~ ~ ~ ~ ~ X ~
C X ~ ~ ~ ~ ~ ~ ~ X ~
D X ~ ~ ~ ~ ~ ~ ~ O ~
E ~ ~ ~ ~ ~ ~ ~ ~ ~ ~
F ~ ~ O O O O O ~ ~ ~
G ~ ~ ~ ~ ~ ~ ~ ~ ~ ~
H ~ ~ ~ ~ ~ ~ ~ ~ ~ ~
I ~ O ~ ~ ~ ~ ~ ~ ~ ~
J ~ O ~ ~ ~ ~ ~ O O O

Player 1, it's your turn:

> F4


You hit a ship!


Press Enter and pass the move to another player
> 

  1 2 3 4 5 6 7 8 9 10
A X ~ ~ ~ ~ ~ ~ ~ ~ ~
B X ~ ~ ~ ~ ~ ~ ~ X ~
C X ~ ~ ~ ~ ~ ~ ~ X ~
D X ~ ~ ~ ~ ~ ~ ~ ~ ~
E ~ ~ ~ ~ ~ ~ ~ ~ ~ ~
F ~ ~ ~ ~ ~ ~ ~ ~ ~ ~
G ~ ~ ~ ~ ~ ~ ~ ~ ~ ~
H ~ ~ ~ ~ ~ ~ ~ ~ ~ ~
I ~ ~ ~ ~ ~ ~ ~ ~ ~ ~
J ~ ~ ~ ~ ~ ~ ~ ~ ~ ~
---------------------
  1 2 3 4 5 6 7 8 9 10
A ~ ~ ~ ~ ~ ~ ~ ~ ~ ~
B ~ ~ ~ ~ ~ ~ ~ ~ ~ ~
C ~ ~ ~ ~ ~ ~ ~ X ~ ~
D ~ ~ ~ X X X ~ X ~ ~
E ~ ~ ~ ~ ~ ~ ~ ~ ~ ~
F ~ ~ X X O O ~ O ~ ~
G ~ ~ ~ ~ ~ ~ ~ O ~ ~
H ~ O O O O O ~ O ~ ~
I ~ ~ M ~ ~ ~ ~ ~ ~ ~
J ~ ~ ~ ~ ~ ~ ~ ~ ~ ~

Player 2, it's your turn:

> D9

You sank a ship!


Press Enter and pass the move to another player
> 


  1 2 3 4 5 6 7 8 9 10
A ~ ~ ~ ~ ~ ~ ~ ~ ~ ~
B ~ ~ ~ ~ ~ ~ ~ ~ ~ ~
C ~ ~ ~ ~ ~ ~ ~ X ~ ~
D ~ ~ ~ X X X ~ X ~ ~
E ~ ~ ~ ~ ~ ~ ~ ~ ~ ~
F ~ ~ X X ~ ~ ~ ~ ~ ~
G ~ ~ ~ ~ ~ ~ ~ ~ ~ ~
H ~ ~ ~ ~ ~ ~ ~ ~ ~ ~
I ~ ~ M ~ ~ ~ ~ ~ ~ ~
J ~ ~ ~ ~ ~ ~ ~ ~ ~ ~
---------------------
  1 2 3 4 5 6 7 8 9 10
A X ~ ~ ~ ~ ~ ~ ~ ~ ~
B X ~ ~ ~ ~ ~ ~ ~ X ~
C X ~ ~ ~ ~ ~ ~ ~ X ~
D X ~ ~ ~ ~ ~ ~ ~ X ~
E ~ ~ ~ ~ ~ ~ ~ ~ ~ ~
F ~ ~ O O O O O ~ ~ ~
G ~ ~ ~ ~ ~ ~ ~ ~ ~ ~
H ~ ~ ~ ~ ~ ~ ~ ~ ~ ~
I ~ O ~ ~ ~ ~ ~ ~ ~ ~
J ~ O ~ ~ ~ ~ ~ O O O

Player 1, it's your turn:

> F5


You hit a ship!


Press Enter and pass the move to another player
> 

  1 2 3 4 5 6 7 8 9 10
A X ~ ~ ~ ~ ~ ~ ~ ~ ~
B X ~ ~ ~ ~ ~ ~ ~ X ~
C X ~ ~ ~ ~ ~ ~ ~ X ~
D X ~ ~ ~ ~ ~ ~ ~ X ~
E ~ ~ ~ ~ ~ ~ ~ ~ ~ ~
F ~ ~ ~ ~ ~ ~ ~ ~ ~ ~
G ~ ~ ~ ~ ~ ~ ~ ~ ~ ~
H ~ ~ ~ ~ ~ ~ ~ ~ ~ ~
I ~ ~ ~ ~ ~ ~ ~ ~ ~ ~
J ~ ~ ~ ~ ~ ~ ~ ~ ~ ~
---------------------
  1 2 3 4 5 6 7 8 9 10
A ~ ~ ~ ~ ~ ~ ~ ~ ~ ~
B ~ ~ ~ ~ ~ ~ ~ ~ ~ ~
C ~ ~ ~ ~ ~ ~ ~ X ~ ~
D ~ ~ ~ X X X ~ X ~ ~
E ~ ~ ~ ~ ~ ~ ~ ~ ~ ~
F ~ ~ X X X O ~ O ~ ~
G ~ ~ ~ ~ ~ ~ ~ O ~ ~
H ~ O O O O O ~ O ~ ~
I ~ ~ M ~ ~ ~ ~ ~ ~ ~
J ~ ~ ~ ~ ~ ~ ~ ~ ~ ~

Player 2, it's your turn:

> F3


You hit a ship!


Press Enter and pass the move to another player
> 


  1 2 3 4 5 6 7 8 9 10
A ~ ~ ~ ~ ~ ~ ~ ~ ~ ~
B ~ ~ ~ ~ ~ ~ ~ ~ ~ ~
C ~ ~ ~ ~ ~ ~ ~ X ~ ~
D ~ ~ ~ X X X ~ X ~ ~
E ~ ~ ~ ~ ~ ~ ~ ~ ~ ~
F ~ ~ X X X ~ ~ ~ ~ ~
G ~ ~ ~ ~ ~ ~ ~ ~ ~ ~
H ~ ~ ~ ~ ~ ~ ~ ~ ~ ~
I ~ ~ M ~ ~ ~ ~ ~ ~ ~
J ~ ~ ~ ~ ~ ~ ~ ~ ~ ~
---------------------
  1 2 3 4 5 6 7 8 9 10
A X ~ ~ ~ ~ ~ ~ ~ ~ ~
B X ~ ~ ~ ~ ~ ~ ~ X ~
C X ~ ~ ~ ~ ~ ~ ~ X ~
D X ~ ~ ~ ~ ~ ~ ~ X ~
E ~ ~ ~ ~ ~ ~ ~ ~ ~ ~
F ~ ~ X O O O O ~ ~ ~
G ~ ~ ~ ~ ~ ~ ~ ~ ~ ~
H ~ ~ ~ ~ ~ ~ ~ ~ ~ ~
I ~ O ~ ~ ~ ~ ~ ~ ~ ~
J ~ O ~ ~ ~ ~ ~ O O O

Player 1, it's your turn:

> F6

You sank a ship!


Press Enter and pass the move to another player
> 

  1 2 3 4 5 6 7 8 9 10
A X ~ ~ ~ ~ ~ ~ ~ ~ ~
B X ~ ~ ~ ~ ~ ~ ~ X ~
C X ~ ~ ~ ~ ~ ~ ~ X ~
D X ~ ~ ~ ~ ~ ~ ~ X ~
E ~ ~ ~ ~ ~ ~ ~ ~ ~ ~
F ~ ~ X ~ ~ ~ ~ ~ ~ ~
G ~ ~ ~ ~ ~ ~ ~ ~ ~ ~
H ~ ~ ~ ~ ~ ~ ~ ~ ~ ~
I ~ ~ ~ ~ ~ ~ ~ ~ ~ ~
J ~ ~ ~ ~ ~ ~ ~ ~ ~ ~
---------------------
  1 2 3 4 5 6 7 8 9 10
A ~ ~ ~ ~ ~ ~ ~ ~ ~ ~
B ~ ~ ~ ~ ~ ~ ~ ~ ~ ~
C ~ ~ ~ ~ ~ ~ ~ X ~ ~
D ~ ~ ~ X X X ~ X ~ ~
E ~ ~ ~ ~ ~ ~ ~ ~ ~ ~
F ~ ~ X X X X ~ O ~ ~
G ~ ~ ~ ~ ~ ~ ~ O ~ ~
H ~ O O O O O ~ O ~ ~
I ~ ~ M ~ ~ ~ ~ ~ ~ ~
J ~ ~ ~ ~ ~ ~ ~ ~ ~ ~

Player 2, it's your turn:

> F4


You hit a ship!


Press Enter and pass the move to another player
> 


  1 2 3 4 5 6 7 8 9 10
A ~ ~ ~ ~ ~ ~ ~ ~ ~ ~
B ~ ~ ~ ~ ~ ~ ~ ~ ~ ~
C ~ ~ ~ ~ ~ ~ ~ X ~ ~
D ~ ~ ~ X X X ~ X ~ ~
E ~ ~ ~ ~ ~ ~ ~ ~ ~ ~
F ~ ~ X X X X ~ ~ ~ ~
G ~ ~ ~ ~ ~ ~ ~ ~ ~ ~
H ~ ~ ~ ~ ~ ~ ~ ~ ~ ~
I ~ ~ M ~ ~ ~ ~ ~ ~ ~
J ~ ~ ~ ~ ~ ~ ~ ~ ~ ~
---------------------
  1 2 3 4 5 6 7 8 9 10
A X ~ ~ ~ ~ ~ ~ ~ ~ ~
B X ~ ~ ~ ~ ~ ~ ~ X ~
C X ~ ~ ~ ~ ~ ~ ~ X ~
D X ~ ~ ~ ~ ~ ~ ~ X ~
E ~ ~ ~ ~ ~ ~ ~ ~ ~ ~
F ~ ~ X X O O O ~ ~ ~
G ~ ~ ~ ~ ~ ~ ~ ~ ~ ~
H ~ ~ ~ ~ ~ ~ ~ ~ ~ ~
I ~ O ~ ~ ~ ~ ~ ~ ~ ~
J ~ O ~ ~ ~ ~ ~ O O O

Player 1, it's your turn:

> F7


You missed! Try again:



Press Enter and pass the move to another player
> 

  1 2 3 4 5 6 7 8 9 10
A X ~ ~ ~ ~ ~ ~ ~ ~ ~
B X ~ ~ ~ ~ ~ ~ ~ X ~
C X ~ ~ ~ ~ ~ ~ ~ X ~
D X ~ ~ ~ ~ ~ ~ ~ X ~
E ~ ~ ~ ~ ~ ~ ~ ~ ~ ~
F ~ ~ X X ~ ~ ~ ~ ~ ~
G ~ ~ ~ ~ ~ ~ ~ ~ ~ ~
H ~ ~ ~ ~ ~ ~ ~ ~ ~ ~
I ~ ~ ~ ~ ~ ~ ~ ~ ~ ~
J ~ ~ ~ ~ ~ ~ ~ ~ ~ ~
---------------------
  1 2 3 4 5 6 7 8 9 10
A ~ ~ ~ ~ ~ ~ ~ ~ ~ ~
B ~ ~ ~ ~ ~ ~ ~ ~ ~ ~
C ~ ~ ~ ~ ~ ~ ~ X ~ ~
D ~ ~ ~ X X X ~ X ~ ~
E ~ ~ ~ ~ ~ ~ ~ ~ ~ ~
F ~ ~ X X X X M O ~ ~
G ~ ~ ~ ~ ~ ~ ~ O ~ ~
H ~ O O O O O ~ O ~ ~
I ~ ~ M ~ ~ ~ ~ ~ ~ ~
J ~ ~ ~ ~ ~ ~ ~ ~ ~ ~

Player 2, it's your turn:

> F5


You hit a ship!


Press Enter and pass the move to another player
> 


  1 2 3 4 5 6 7 8 9 10
A ~ ~ ~ ~ ~ ~ ~ ~ ~ ~
B ~ ~ ~ ~ ~ ~ ~ ~ ~ ~
C ~ ~ ~ ~ ~ ~ ~ X ~ ~
D ~ ~ ~ X X X ~ X ~ ~
E ~ ~ ~ ~ ~ ~ ~ ~ ~ ~
F ~ ~ X X X X M ~ ~ ~
G ~ ~ ~ ~ ~ ~ ~ ~ ~ ~
H ~ ~ ~ ~ ~ ~ ~ ~ ~ ~
I ~ ~ M ~ ~ ~ ~ ~ ~ ~
J ~ ~ ~ ~ ~ ~ ~ ~ ~ ~
---------------------
  1 2 3 4 5 6 7 8 9 10
A X ~ ~ ~ ~ ~ ~ ~ ~ ~
B X ~ ~ ~ ~ ~ ~ ~ X ~
C X ~ ~ ~ ~ ~ ~ ~ X ~
D X ~ ~ ~ ~ ~ ~ ~ X ~
E ~ ~ ~ ~ ~ ~ ~ ~ ~ ~
F ~ ~ X X X O O ~ ~ ~
G ~ ~ ~ ~ ~ ~ ~ ~ ~ ~
H ~ ~ ~ ~ ~ ~ ~ ~ ~ ~
I ~ O ~ ~ ~ ~ ~ ~ ~ ~
J ~ O ~ ~ ~ ~ ~ O O O

Player 1, it's your turn:

> D10


You missed! Try again:



Press Enter and pass the move to another player
> 

  1 2 3 4 5 6 7 8 9 10
A X ~ ~ ~ ~ ~ ~ ~ ~ ~
B X ~ ~ ~ ~ ~ ~ ~ X ~
C X ~ ~ ~ ~ ~ ~ ~ X ~
D X ~ ~ ~ ~ ~ ~ ~ X ~
E ~ ~ ~ ~ ~ ~ ~ ~ ~ ~
F ~ ~ X X X ~ ~ ~ ~ ~
G ~ ~ ~ ~ ~ ~ ~ ~ ~ ~
H ~ ~ ~ ~ ~ ~ ~ ~ ~ ~
I ~ ~ ~ ~ ~ ~ ~ ~ ~ ~
J ~ ~ ~ ~ ~ ~ ~ ~ ~ ~
---------------------
  1 2 3 4 5 6 7 8 9 10
A ~ ~ ~ ~ ~ ~ ~ ~ ~ ~
B ~ ~ ~ ~ ~ ~ ~ ~ ~ ~
C ~ ~ ~ ~ ~ ~ ~ X ~ ~
D ~ ~ ~ X X X ~ X ~ M
E ~ ~ ~ ~ ~ ~ ~ ~ ~ ~
F ~ ~ X X X X M O ~ ~
G ~ ~ ~ ~ ~ ~ ~ O ~ ~
H ~ O O O O O ~ O ~ ~
I ~ ~ M ~ ~ ~ ~ ~ ~ ~
J ~ ~ ~ ~ ~ ~ ~ ~ ~ ~

Player 2, it's your turn:

> F6


You hit a ship!


Press Enter and pass the move to another player
> 


  1 2 3 4 5 6 7 8 9 10
A ~ ~ ~ ~ ~ ~ ~ ~ ~ ~
B ~ ~ ~ ~ ~ ~ ~ ~ ~ ~
C ~ ~ ~ ~ ~ ~ ~ X ~ ~
D ~ ~ ~ X X X ~ X ~ M
E ~ ~ ~ ~ ~ ~ ~ ~ ~ ~
F ~ ~ X X X X M ~ ~ ~
G ~ ~ ~ ~ ~ ~ ~ ~ ~ ~
H ~ ~ ~ ~ ~ ~ ~ ~ ~ ~
I ~ ~ M ~ ~ ~ ~ ~ ~ ~
J ~ ~ ~ ~ ~ ~ ~ ~ ~ ~
---------------------
  1 2 3 4 5 6 7 8 9 10
A X ~ ~ ~ ~ ~ ~ ~ ~ ~
B X ~ ~ ~ ~ ~ ~ ~ X ~
C X ~ ~ ~ ~ ~ ~ ~ X ~
D X ~ ~ ~ ~ ~ ~ ~ X ~
E ~ ~ ~ ~ ~ ~ ~ ~ ~ ~
F ~ ~ X X X X O ~ ~ ~
G ~ ~ ~ ~ ~ ~ ~ ~ ~ ~
H ~ ~ ~ ~ ~ ~ ~ ~ ~ ~
I ~ O ~ ~ ~ ~ ~ ~ ~ ~
J ~ O ~ ~ ~ ~ ~ O O O

Player 1, it's your turn:

> E10


You missed! Try again:



Press Enter and pass the move to another player
> 

  1 2 3 4 5 6 7 8 9 10
A X ~ ~ ~ ~ ~ ~ ~ ~ ~
B X ~ ~ ~ ~ ~ ~ ~ X ~
C X ~ ~ ~ ~ ~ ~ ~ X ~
D X ~ ~ ~ ~ ~ ~ ~ X ~
E ~ ~ ~ ~ ~ ~ ~ ~ ~ ~
F ~ ~ X X X X ~ ~ ~ ~
G ~ ~ ~ ~ ~ ~ ~ ~ ~ ~
H ~ ~ ~ ~ ~ ~ ~ ~ ~ ~
I ~ ~ ~ ~ ~ ~ ~ ~ ~ ~
J ~ ~ ~ ~ ~ ~ ~ ~ ~ ~
---------------------
  1 2 3 4 5 6 7 8 9 10
A ~ ~ ~ ~ ~ ~ ~ ~ ~ ~
B ~ ~ ~ ~ ~ ~ ~ ~ ~ ~
C ~ ~ ~ ~ ~ ~ ~ X ~ ~
D ~ ~ ~ X X X ~ X ~ M
E ~ ~ ~ ~ ~ ~ ~ ~ ~ M
F ~ ~ X X X X M O ~ ~
G ~ ~ ~ ~ ~ ~ ~ O ~ ~
H ~ O O O O O ~ O ~ ~
I ~ ~ M ~ ~ ~ ~ ~ ~ ~
J ~ ~ ~ ~ ~ ~ ~ ~ ~ ~

Player 2, it's your turn:

> F7

You sank a ship!


Press Enter and pass the move to another player
> 


  1 2 3 4 5 6 7 8 9 10
A ~ ~ ~ ~ ~ ~ ~ ~ ~ ~
B ~ ~ ~ ~ ~ ~ ~ ~ ~ ~
C ~ ~ ~ ~ ~ ~ ~ X ~ ~
D ~ ~ ~ X X X ~ X ~ M
E ~ ~ ~ ~ ~ ~ ~ ~ ~ M
F ~ ~ X X X X M ~ ~ ~
G ~ ~ ~ ~ ~ ~ ~ ~ ~ ~
H ~ ~ ~ ~ ~ ~ ~ ~ ~ ~
I ~ ~ M ~ ~ ~ ~ ~ ~ ~
J ~ ~ ~ ~ ~ ~ ~ ~ ~ ~
---------------------
  1 2 3 4 5 6 7 8 9 10
A X ~ ~ ~ ~ ~ ~ ~ ~ ~
B X ~ ~ ~ ~ ~ ~ ~ X ~
C X ~ ~ ~ ~ ~ ~ ~ X ~
D X ~ ~ ~ ~ ~ ~ ~ X ~
E ~ ~ ~ ~ ~ ~ ~ ~ ~ ~
F ~ ~ X X X X X ~ ~ ~
G ~ ~ ~ ~ ~ ~ ~ ~ ~ ~
H ~ ~ ~ ~ ~ ~ ~ ~ ~ ~
I ~ O ~ ~ ~ ~ ~ ~ ~ ~
J ~ O ~ ~ ~ ~ ~ O O O

Player 1, it's your turn:

> F10


You missed! Try again:



Press Enter and pass the move to another player
> 

  1 2 3 4 5 6 7 8 9 10
A X ~ ~ ~ ~ ~ ~ ~ ~ ~
B X ~ ~ ~ ~ ~ ~ ~ X ~
C X ~ ~ ~ ~ ~ ~ ~ X ~
D X ~ ~ ~ ~ ~ ~ ~ X ~
E ~ ~ ~ ~ ~ ~ ~ ~ ~ ~
F ~ ~ X X X X X ~ ~ ~
G ~ ~ ~ ~ ~ ~ ~ ~ ~ ~
H ~ ~ ~ ~ ~ ~ ~ ~ ~ ~
I ~ ~ ~ ~ ~ ~ ~ ~ ~ ~
J ~ ~ ~ ~ ~ ~ ~ ~ ~ ~
---------------------
  1 2 3 4 5 6 7 8 9 10
A ~ ~ ~ ~ ~ ~ ~ ~ ~ ~
B ~ ~ ~ ~ ~ ~ ~ ~ ~ ~
C ~ ~ ~ ~ ~ ~ ~ X ~ ~
D ~ ~ ~ X X X ~ X ~ M
E ~ ~ ~ ~ ~ ~ ~ ~ ~ M
F ~ ~ X X X X M O ~ M
G ~ ~ ~ ~ ~ ~ ~ O ~ ~
H ~ O O O O O ~ O ~ ~
I ~ ~ M ~ ~ ~ ~ ~ ~ ~
J ~ ~ ~ ~ ~ ~ ~ ~ ~ ~

Player 2, it's your turn:

> I2


You hit a ship!


Press Enter and pass the move to another player
> 


  1 2 3 4 5 6 7 8 9 10
A ~ ~ ~ ~ ~ ~ ~ ~ ~ ~
B ~ ~ ~ ~ ~ ~ ~ ~ ~ ~
C ~ ~ ~ ~ ~ ~ ~ X ~ ~
D ~ ~ ~ X X X ~ X ~ M
E ~ ~ ~ ~ ~ ~ ~ ~ ~ M
F ~ ~ X X X X M ~ ~ M
G ~ ~ ~ ~ ~ ~ ~ ~ ~ ~
H ~ ~ ~ ~ ~ ~ ~ ~ ~ ~
I ~ ~ M ~ ~ ~ ~ ~ ~ ~
J ~ ~ ~ ~ ~ ~ ~ ~ ~ ~
---------------------
  1 2 3 4 5 6 7 8 9 10
A X ~ ~ ~ ~ ~ ~ ~ ~ ~
B X ~ ~ ~ ~ ~ ~ ~ X ~
C X ~ ~ ~ ~ ~ ~ ~ X ~
D X ~ ~ ~ ~ ~ ~ ~ X ~
E ~ ~ ~ ~ ~ ~ ~ ~ ~ ~
F ~ ~ X X X X X ~ ~ ~
G ~ ~ ~ ~ ~ ~ ~ ~ ~ ~
H ~ ~ ~ ~ ~ ~ ~ ~ ~ ~
I ~ X ~ ~ ~ ~ ~ ~ ~ ~
J ~ O ~ ~ ~ ~ ~ O O O

Player 1, it's your turn:

> G10


You missed! Try again:



Press Enter and pass the move to another player
> 

  1 2 3 4 5 6 7 8 9 10
A X ~ ~ ~ ~ ~ ~ ~ ~ ~
B X ~ ~ ~ ~ ~ ~ ~ X ~
C X ~ ~ ~ ~ ~ ~ ~ X ~
D X ~ ~ ~ ~ ~ ~ ~ X ~
E ~ ~ ~ ~ ~ ~ ~ ~ ~ ~
F ~ ~ X X X X X ~ ~ ~
G ~ ~ ~ ~ ~ ~ ~ ~ ~ ~
H ~ ~ ~ ~ ~ ~ ~ ~ ~ ~
I ~ X ~ ~ ~ ~ ~ ~ ~ ~
J ~ ~ ~ ~ ~ ~ ~ ~ ~ ~
---------------------
  1 2 3 4 5 6 7 8 9 10
A ~ ~ ~ ~ ~ ~ ~ ~ ~ ~
B ~ ~ ~ ~ ~ ~ ~ ~ ~ ~
C ~ ~ ~ ~ ~ ~ ~ X ~ ~
D ~ ~ ~ X X X ~ X ~ M
E ~ ~ ~ ~ ~ ~ ~ ~ ~ M
F ~ ~ X X X X M O ~ M
G ~ ~ ~ ~ ~ ~ ~ O ~ M
H ~ O O O O O ~ O ~ ~
I ~ ~ M ~ ~ ~ ~ ~ ~ ~
J ~ ~ ~ ~ ~ ~ ~ ~ ~ ~

Player 2, it's your turn:

> J2

You sank a ship!


Press Enter and pass the move to another player
> 


  1 2 3 4 5 6 7 8 9 10
A ~ ~ ~ ~ ~ ~ ~ ~ ~ ~
B ~ ~ ~ ~ ~ ~ ~ ~ ~ ~
C ~ ~ ~ ~ ~ ~ ~ X ~ ~
D ~ ~ ~ X X X ~ X ~ M
E ~ ~ ~ ~ ~ ~ ~ ~ ~ M
F ~ ~ X X X X M ~ ~ M
G ~ ~ ~ ~ ~ ~ ~ ~ ~ M
H ~ ~ ~ ~ ~ ~ ~ ~ ~ ~
I ~ ~ M ~ ~ ~ ~ ~ ~ ~
J ~ ~ ~ ~ ~ ~ ~ ~ ~ ~
---------------------
  1 2 3 4 5 6 7 8 9 10
A X ~ ~ ~ ~ ~ ~ ~ ~ ~
B X ~ ~ ~ ~ ~ ~ ~ X ~
C X ~ ~ ~ ~ ~ ~ ~ X ~
D X ~ ~ ~ ~ ~ ~ ~ X ~
E ~ ~ ~ ~ ~ ~ ~ ~ ~ ~
F ~ ~ X X X X X ~ ~ ~
G ~ ~ ~ ~ ~ ~ ~ ~ ~ ~
H ~ ~ ~ ~ ~ ~ ~ ~ ~ ~
I ~ X ~ ~ ~ ~ ~ ~ ~ ~
J ~ X ~ ~ ~ ~ ~ O O O

Player 1, it's your turn:

> J1


You missed! Try again:



Press Enter and pass the move to another player
> 

  1 2 3 4 5 6 7 8 9 10
A X ~ ~ ~ ~ ~ ~ ~ ~ ~
B X ~ ~ ~ ~ ~ ~ ~ X ~
C X ~ ~ ~ ~ ~ ~ ~ X ~
D X ~ ~ ~ ~ ~ ~ ~ X ~
E ~ ~ ~ ~ ~ ~ ~ ~ ~ ~
F ~ ~ X X X X X ~ ~ ~
G ~ ~ ~ ~ ~ ~ ~ ~ ~ ~
H ~ ~ ~ ~ ~ ~ ~ ~ ~ ~
I ~ X ~ ~ ~ ~ ~ ~ ~ ~
J ~ X ~ ~ ~ ~ ~ ~ ~ ~
---------------------
  1 2 3 4 5 6 7 8 9 10
A ~ ~ ~ ~ ~ ~ ~ ~ ~ ~
B ~ ~ ~ ~ ~ ~ ~ ~ ~ ~
C ~ ~ ~ ~ ~ ~ ~ X ~ ~
D ~ ~ ~ X X X ~ X ~ M
E ~ ~ ~ ~ ~ ~ ~ ~ ~ M
F ~ ~ X X X X M O ~ M
G ~ ~ ~ ~ ~ ~ ~ O ~ M
H ~ O O O O O ~ O ~ ~
I ~ ~ M ~ ~ ~ ~ ~ ~ ~
J M ~ ~ ~ ~ ~ ~ ~ ~ ~

Player 2, it's your turn:

> J8


You hit a ship!


Press Enter and pass the move to another player
> 


  1 2 3 4 5 6 7 8 9 10
A ~ ~ ~ ~ ~ ~ ~ ~ ~ ~
B ~ ~ ~ ~ ~ ~ ~ ~ ~ ~
C ~ ~ ~ ~ ~ ~ ~ X ~ ~
D ~ ~ ~ X X X ~ X ~ M
E ~ ~ ~ ~ ~ ~ ~ ~ ~ M
F ~ ~ X X X X M ~ ~ M
G ~ ~ ~ ~ ~ ~ ~ ~ ~ M
H ~ ~ ~ ~ ~ ~ ~ ~ ~ ~
I ~ ~ M ~ ~ ~ ~ ~ ~ ~
J M ~ ~ ~ ~ ~ ~ ~ ~ ~
---------------------
  1 2 3 4 5 6 7 8 9 10
A X ~ ~ ~ ~ ~ ~ ~ ~ ~
B X ~ ~ ~ ~ ~ ~ ~ X ~
C X ~ ~ ~ ~ ~ ~ ~ X ~
D X ~ ~ ~ ~ ~ ~ ~ X ~
E ~ ~ ~ ~ ~ ~ ~ ~ ~ ~
F ~ ~ X X X X X ~ ~ ~
G ~ ~ ~ ~ ~ ~ ~ ~ ~ ~
H ~ ~ ~ ~ ~ ~ ~ ~ ~ ~
I ~ X ~ ~ ~ ~ ~ ~ ~ ~
J ~ X ~ ~ ~ ~ ~ X O O

Player 1, it's your turn:

> J2


You missed! Try again:



Press Enter and pass the move to another player
> 

  1 2 3 4 5 6 7 8 9 10
A X ~ ~ ~ ~ ~ ~ ~ ~ ~
B X ~ ~ ~ ~ ~ ~ ~ X ~
C X ~ ~ ~ ~ ~ ~ ~ X ~
D X ~ ~ ~ ~ ~ ~ ~ X ~
E ~ ~ ~ ~ ~ ~ ~ ~ ~ ~
F ~ ~ X X X X X ~ ~ ~
G ~ ~ ~ ~ ~ ~ ~ ~ ~ ~
H ~ ~ ~ ~ ~ ~ ~ ~ ~ ~
I ~ X ~ ~ ~ ~ ~ ~ ~ ~
J ~ X ~ ~ ~ ~ ~ X ~ ~
---------------------
  1 2 3 4 5 6 7 8 9 10
A ~ ~ ~ ~ ~ ~ ~ ~ ~ ~
B ~ ~ ~ ~ ~ ~ ~ ~ ~ ~
C ~ ~ ~ ~ ~ ~ ~ X ~ ~
D ~ ~ ~ X X X ~ X ~ M
E ~ ~ ~ ~ ~ ~ ~ ~ ~ M
F ~ ~ X X X X M O ~ M
G ~ ~ ~ ~ ~ ~ ~ O ~ M
H ~ O O O O O ~ O ~ ~
I ~ ~ M ~ ~ ~ ~ ~ ~ ~
J M M ~ ~ ~ ~ ~ ~ ~ ~

Player 2, it's your turn:

> J9


You hit a ship!


Press Enter and pass the move to another player
> 


  1 2 3 4 5 6 7 8 9 10
A ~ ~ ~ ~ ~ ~ ~ ~ ~ ~
B ~ ~ ~ ~ ~ ~ ~ ~ ~ ~
C ~ ~ ~ ~ ~ ~ ~ X ~ ~
D ~ ~ ~ X X X ~ X ~ M
E ~ ~ ~ ~ ~ ~ ~ ~ ~ M
F ~ ~ X X X X M ~ ~ M
G ~ ~ ~ ~ ~ ~ ~ ~ ~ M
H ~ ~ ~ ~ ~ ~ ~ ~ ~ ~
I ~ ~ M ~ ~ ~ ~ ~ ~ ~
J M M ~ ~ ~ ~ ~ ~ ~ ~
---------------------
  1 2 3 4 5 6 7 8 9 10
A X ~ ~ ~ ~ ~ ~ ~ ~ ~
B X ~ ~ ~ ~ ~ ~ ~ X ~
C X ~ ~ ~ ~ ~ ~ ~ X ~
D X ~ ~ ~ ~ ~ ~ ~ X ~
E ~ ~ ~ ~ ~ ~ ~ ~ ~ ~
F ~ ~ X X X X X ~ ~ ~
G ~ ~ ~ ~ ~ ~ ~ ~ ~ ~
H ~ ~ ~ ~ ~ ~ ~ ~ ~ ~
I ~ X ~ ~ ~ ~ ~ ~ ~ ~
J ~ X ~ ~ ~ ~ ~ X X O

Player 1, it's your turn:

> J3


You missed! Try again:



Press Enter and pass the move to another player
> 

  1 2 3 4 5 6 7 8 9 10
A X ~ ~ ~ ~ ~ ~ ~ ~ ~
B X ~ ~ ~ ~ ~ ~ ~ X ~
C X ~ ~ ~ ~ ~ ~ ~ X ~
D X ~ ~ ~ ~ ~ ~ ~ X ~
E ~ ~ ~ ~ ~ ~ ~ ~ ~ ~
F ~ ~ X X X X X ~ ~ ~
G ~ ~ ~ ~ ~ ~ ~ ~ ~ ~
H ~ ~ ~ ~ ~ ~ ~ ~ ~ ~
I ~ X ~ ~ ~ ~ ~ ~ ~ ~
J ~ X ~ ~ ~ ~ ~ X X ~
---------------------
  1 2 3 4 5 6 7 8 9 10
A ~ ~ ~ ~ ~ ~ ~ ~ ~ ~
B ~ ~ ~ ~ ~ ~ ~ ~ ~ ~
C ~ ~ ~ ~ ~ ~ ~ X ~ ~
D ~ ~ ~ X X X ~ X ~ M
E ~ ~ ~ ~ ~ ~ ~ ~ ~ M
F ~ ~ X X X X M O ~ M
G ~ ~ ~ ~ ~ ~ ~ O ~ M
H ~ O O O O O ~ O ~ ~
I ~ ~ M ~ ~ ~ ~ ~ ~ ~
J M M M ~ ~ ~ ~ ~ ~ ~

Player 2, it's your turn:

> J10

You sank a ship!


Press Enter and pass the move to another player
]]></system-out>
  <system-err><![CDATA[]]></system-err>
</testsuite>
